app/build/intermediates/manifest_merge_blame_file/release/manifest-merger-blame-release-report.txt
1<?xml version="1.0" encoding="utf-8"?>
2<manifest xmlns:android="http://schemas.android.com/apk/res/android"
3    package="big.yeet.teatime"
4    android:versionCode="1"
5    android:versionName="1.0" >
6
7    <uses-sdk
8        android:minSdkVersion="20"
8-->src/main/AndroidManifest.xml
9        android:targetSdkVersion="29" />
9-->src/main/AndroidManifest.xml
10
11    <uses-feature
11-->src/main/AndroidManifest.xml:21:5-89
12        android:name="android.hardware.bluetooth_le"
12-->src/main/AndroidManifest.xml:21:19-63
13        android:required="true" />
13-->src/main/AndroidManifest.xml:21:64-87
14
15    <uses-permission android:name="android.permission.BLUETOOTH" />
15-->src/main/AndroidManifest.xml:22:5-67
15-->src/main/AndroidManifest.xml:22:22-65
16    <uses-permission android:name="android.permission.BLUETOOTH_ADMIN" />
16-->src/main/AndroidManifest.xml:23:5-73
16-->src/main/AndroidManifest.xml:23:22-71
17    <uses-permission android:name="android.permission.ACCESS_COARSE_LOCATION" />
17-->src/main/AndroidManifest.xml:24:5-80
17-->src/main/AndroidManifest.xml:24:22-78
18    <uses-permission android:name="android.permission.ACCESS_FINE_LOCATION" />
18-->src/main/AndroidManifest.xml:25:5-78
18-->src/main/AndroidManifest.xml:25:22-76
19
20    <application
20-->src/main/AndroidManifest.xml:5:5-19:19
21        android:appComponentFactory="androidx.core.app.CoreComponentFactory"
21-->[androidx.core:core:1.0.1] AndroidManifest.xml:22:18-86
22        android:icon="@mipmap/ic_launcher"
22-->src/main/AndroidManifest.xml:6:9-43
23        android:label="@string/app_name"
23-->src/main/AndroidManifest.xml:5:18-50
24        android:theme="@style/AppTheme" >
24-->src/main/AndroidManifest.xml:7:9-40
25        <activity
25-->src/main/AndroidManifest.xml:10:5-16:20
26            android:name="big.yeet.teatime.DeviceScanActivity"
26-->src/main/AndroidManifest.xml:10:15-49
27            android:label="@string/app_name" >
27-->src/main/AndroidManifest.xml:11:13-45
28            <intent-filter>
28-->src/main/AndroidManifest.xml:12:13-15:29
29                <action android:name="android.intent.action.MAIN" />
29-->src/main/AndroidManifest.xml:13:17-68
29-->src/main/AndroidManifest.xml:13:25-66
30
31                <category android:name="android.intent.category.LAUNCHER" />
31-->src/main/AndroidManifest.xml:14:17-76
31-->src/main/AndroidManifest.xml:14:27-74
32            </intent-filter>
33        </activity>
34        <activity android:name="big.yeet.teatime.DeviceControlActivity" />
34-->src/main/AndroidManifest.xml:17:9-58
34-->src/main/AndroidManifest.xml:17:19-56
35
36        <service
36-->src/main/AndroidManifest.xml:18:9-77
37            android:name="big.yeet.teatime.BluetoothLeService"
37-->src/main/AndroidManifest.xml:18:18-52
38            android:enabled="true" />
38-->src/main/AndroidManifest.xml:18:53-75
39    </application>
40
41</manifest>